<?xml version="1.0" encoding="UTF-8" ?>
<testsuite failures="0" time="0.092" errors="0" skipped="0" tests="8" name="week2.Tasks.EmployeeTest">
  <properties>
    <property name="java.runtime.name" value="Java(TM) SE Runtime Environment"/>
    <property name="sun.boot.library.path" value="C:\Program Files\Java\jdk1.7.0_40\jre\bin"/>
    <property name="java.vm.version" value="24.0-b56"/>
    <property name="user.country.format" value="UA"/>
    <property name="java.vm.vendor" value="Oracle Corporation"/>
    <property name="java.vendor.url" value="http://java.oracle.com/"/>
    <property name="path.separator" value=";"/>
    <property name="java.vm.name" value="Java HotSpot(TM) Client VM"/>
    <property name="file.encoding.pkg" value="sun.io"/>
    <property name="user.script" value=""/>
    <property name="user.country" value="RU"/>
    <property name="sun.java.launcher" value="SUN_STANDARD"/>
    <property name="sun.os.patch.level" value="Service Pack 1"/>
    <property name="java.vm.specification.name" value="Java Virtual Machine Specification"/>
    <property name="user.dir" value="C:\Users\Дарина\IdeaProjects\Proff13\dmitry_medinsky"/>
    <property name="java.runtime.version" value="1.7.0_40-b43"/>
    <property name="java.awt.graphicsenv" value="sun.awt.Win32GraphicsEnvironment"/>
    <property name="basedir" value="C:\Users\Дарина\IdeaProjects\Proff13\dmitry_medinsky"/>
    <property name="java.endorsed.dirs" value="C:\Program Files\Java\jdk1.7.0_40\jre\lib\endorsed"/>
    <property name="os.arch" value="x86"/>
    <property name="surefire.real.class.path" value="C:\Users\F183~1\AppData\Local\Temp\surefirebooter6687989909735163522.jar"/>
    <property name="java.io.tmpdir" value="C:\Users\F183~1\AppData\Local\Temp\"/>
    <property name="line.separator" value="
"/>
    <property name="java.vm.specification.vendor" value="Oracle Corporation"/>
    <property name="user.variant" value=""/>
    <property name="os.name" value="Windows 7"/>
    <property name="sun.jnu.encoding" value="Cp1251"/>
    <property name="java.library.path" value="C:\Program Files\Java\jdk1.7.0_40\jre\bin;C:\Windows\Sun\Java\bin;C:\Windows\system32;C:\Windows;D:\Oracle\app\oracle\product\10.2.0\server\bin;C:\Program Files\AMD APP\bin\x86;C:\Windows\system32;C:\Windows;C:\Windows\System32\Wbem;C:\Windows\System32\WindowsPowerShell\v1.0\;C:\Program Files\ATI Technologies\ATI.ACE\Core-Static;C:\Program Files\CSR\CSR Harmony Wireless Software Stack\;C:\Program Files\Calibre2\;."/>
    <property name="surefire.test.class.path" value="C:\Users\Дарина\IdeaProjects\Proff13\dmitry_medinsky\target\test-classes;C:\Users\Дарина\IdeaProjects\Proff13\dmitry_medinsky\target\classes;C:\Users\Дарина\.m2\repository\junit\junit\4.8.2\junit-4.8.2.jar;C:\Users\Дарина\.m2\repository\org\slf4j\slf4j-log4j12\1.7.2\slf4j-log4j12-1.7.2.jar;C:\Users\Дарина\.m2\repository\org\slf4j\slf4j-api\1.7.2\slf4j-api-1.7.2.jar;C:\Users\Дарина\.m2\repository\log4j\log4j\1.2.17\log4j-1.2.17.jar;C:\Users\Дарина\.m2\repository\com\oracle\ojdbc14\10.2.0.5.0\ojdbc14-10.2.0.5.0.jar;C:\Users\Дарина\.m2\repository\javassist\javassist\3.12.1.GA\javassist-3.12.1.GA.jar;C:\Users\Дарина\.m2\repository\org\hibernate\hibernate-core\3.5.6-Final\hibernate-core-3.5.6-Final.jar;C:\Users\Дарина\.m2\repository\antlr\antlr\2.7.6\antlr-2.7.6.jar;C:\Users\Дарина\.m2\repository\commons-collections\commons-collections\3.1\commons-collections-3.1.jar;C:\Users\Дарина\.m2\repository\dom4j\dom4j\1.6.1\dom4j-1.6.1.jar;C:\Users\Дарина\.m2\repository\xml-apis\xml-apis\1.0.b2\xml-apis-1.0.b2.jar;C:\Users\Дарина\.m2\repository\javax\transaction\jta\1.1\jta-1.1.jar;C:\Users\Дарина\.m2\repository\org\hibernate\hibernate-annotations\3.5.6-Final\hibernate-annotations-3.5.6-Final.jar;C:\Users\Дарина\.m2\repository\org\hibernate\hibernate-commons-annotations\3.2.0.Final\hibernate-commons-annotations-3.2.0.Final.jar;C:\Users\Дарина\.m2\repository\org\hibernate\javax\persistence\hibernate-jpa-2.0-api\1.0.0.Final\hibernate-jpa-2.0-api-1.0.0.Final.jar;C:\Users\Дарина\.m2\repository\org\hibernate\hibernate-entitymanager\3.5.6-Final\hibernate-entitymanager-3.5.6-Final.jar;C:\Users\Дарина\.m2\repository\cglib\cglib\2.2\cglib-2.2.jar;C:\Users\Дарина\.m2\repository\asm\asm\3.1\asm-3.1.jar;C:\Users\Дарина\.m2\repository\org\springframework\spring-core\3.2.2.RELEASE\spring-core-3.2.2.RELEASE.jar;C:\Users\Дарина\.m2\repository\commons-logging\commons-logging\1.1.1\commons-logging-1.1.1.jar;C:\Users\Дарина\.m2\repository\org\springframework\spring-expression\3.2.2.RELEASE\spring-expression-3.2.2.RELEASE.jar;C:\Users\Дарина\.m2\repository\org\springframework\spring-beans\3.2.2.RELEASE\spring-beans-3.2.2.RELEASE.jar;C:\Users\Дарина\.m2\repository\org\springframework\spring-aop\3.2.2.RELEASE\spring-aop-3.2.2.RELEASE.jar;C:\Users\Дарина\.m2\repository\aopalliance\aopalliance\1.0\aopalliance-1.0.jar;C:\Users\Дарина\.m2\repository\org\springframework\spring-context\3.2.2.RELEASE\spring-context-3.2.2.RELEASE.jar;C:\Users\Дарина\.m2\repository\org\springframework\spring-context-support\3.2.2.RELEASE\spring-context-support-3.2.2.RELEASE.jar;C:\Users\Дарина\.m2\repository\org\springframework\spring-orm\3.2.2.RELEASE\spring-orm-3.2.2.RELEASE.jar;C:\Users\Дарина\.m2\repository\org\springframework\spring-jdbc\3.2.2.RELEASE\spring-jdbc-3.2.2.RELEASE.jar;C:\Users\Дарина\.m2\repository\org\springframework\spring-tx\3.2.2.RELEASE\spring-tx-3.2.2.RELEASE.jar;C:\Users\Дарина\.m2\repository\commons-dbcp\commons-dbcp\1.4\commons-dbcp-1.4.jar;C:\Users\Дарина\.m2\repository\commons-pool\commons-pool\1.6\commons-pool-1.6.jar;C:\Users\Дарина\.m2\repository\org\springframework\spring-web\3.2.2.RELEASE\spring-web-3.2.2.RELEASE.jar;C:\Users\Дарина\.m2\repository\org\springframework\spring-aspects\3.2.2.RELEASE\spring-aspects-3.2.2.RELEASE.jar;C:\Users\Дарина\.m2\repository\org\aspectj\aspectjweaver\1.7.2\aspectjweaver-1.7.2.jar;C:\Users\Дарина\.m2\repository\org\springframework\data\spring-data-jpa\1.3.1.RELEASE\spring-data-jpa-1.3.1.RELEASE.jar;C:\Users\Дарина\.m2\repository\org\springframework\data\spring-data-commons\1.5.1.RELEASE\spring-data-commons-1.5.1.RELEASE.jar;C:\Users\Дарина\.m2\repository\org\slf4j\jcl-over-slf4j\1.7.1\jcl-over-slf4j-1.7.1.jar;C:\Users\Дарина\.m2\repository\org\aspectj\aspectjrt\1.7.2\aspectjrt-1.7.2.jar;C:\Users\Дарина\.m2\repository\javax\servlet\javax.servlet-api\3.0.1\javax.servlet-api-3.0.1.jar;C:\Users\Дарина\.m2\repository\javax\servlet\jstl\1.2\jstl-1.2.jar;C:\Users\Дарина\.m2\repository\org\springframework\spring-webmvc\3.2.2.RELEASE\spring-webmvc-3.2.2.RELEASE.jar;C:\Users\Дарина\.m2\repository\org\hibernate\hibernate-validator\4.2.0.Final\hibernate-validator-4.2.0.Final.jar;C:\Users\Дарина\.m2\repository\javax\validation\validation-api\1.0.0.GA\validation-api-1.0.0.GA.jar;C:\Users\Дарина\.m2\repository\org\springframework\spring-jms\3.2.2.RELEASE\spring-jms-3.2.2.RELEASE.jar;C:\Users\Дарина\.m2\repository\org\apache\activemq\activemq-all\5.4.2\activemq-all-5.4.2.jar;C:\Users\Дарина\.m2\repository\org\apache\xbean\xbean-spring\3.7\xbean-spring-3.7.jar;"/>
    <property name="java.specification.name" value="Java Platform API Specification"/>
    <property name="java.class.version" value="51.0"/>
    <property name="sun.management.compiler" value="HotSpot Client Compiler"/>
    <property name="os.version" value="6.1"/>
    <property name="user.home" value="C:\Users\Дарина"/>
    <property name="user.timezone" value=""/>
    <property name="java.awt.printerjob" value="sun.awt.windows.WPrinterJob"/>
    <property name="java.specification.version" value="1.7"/>
    <property name="file.encoding" value="Cp1251"/>
    <property name="user.name" value="����਩"/>
    <property name="java.class.path" value="C:\Users\Дарина\IdeaProjects\Proff13\dmitry_medinsky\target\test-classes;C:\Users\Дарина\IdeaProjects\Proff13\dmitry_medinsky\target\classes;C:\Users\Дарина\.m2\repository\junit\junit\4.8.2\junit-4.8.2.jar;C:\Users\Дарина\.m2\repository\org\slf4j\slf4j-log4j12\1.7.2\slf4j-log4j12-1.7.2.jar;C:\Users\Дарина\.m2\repository\org\slf4j\slf4j-api\1.7.2\slf4j-api-1.7.2.jar;C:\Users\Дарина\.m2\repository\log4j\log4j\1.2.17\log4j-1.2.17.jar;C:\Users\Дарина\.m2\repository\com\oracle\ojdbc14\10.2.0.5.0\ojdbc14-10.2.0.5.0.jar;C:\Users\Дарина\.m2\repository\javassist\javassist\3.12.1.GA\javassist-3.12.1.GA.jar;C:\Users\Дарина\.m2\repository\org\hibernate\hibernate-core\3.5.6-Final\hibernate-core-3.5.6-Final.jar;C:\Users\Дарина\.m2\repository\antlr\antlr\2.7.6\antlr-2.7.6.jar;C:\Users\Дарина\.m2\repository\commons-collections\commons-collections\3.1\commons-collections-3.1.jar;C:\Users\Дарина\.m2\repository\dom4j\dom4j\1.6.1\dom4j-1.6.1.jar;C:\Users\Дарина\.m2\repository\xml-apis\xml-apis\1.0.b2\xml-apis-1.0.b2.jar;C:\Users\Дарина\.m2\repository\javax\transaction\jta\1.1\jta-1.1.jar;C:\Users\Дарина\.m2\repository\org\hibernate\hibernate-annotations\3.5.6-Final\hibernate-annotations-3.5.6-Final.jar;C:\Users\Дарина\.m2\repository\org\hibernate\hibernate-commons-annotations\3.2.0.Final\hibernate-commons-annotations-3.2.0.Final.jar;C:\Users\Дарина\.m2\repository\org\hibernate\javax\persistence\hibernate-jpa-2.0-api\1.0.0.Final\hibernate-jpa-2.0-api-1.0.0.Final.jar;C:\Users\Дарина\.m2\repository\org\hibernate\hibernate-entitymanager\3.5.6-Final\hibernate-entitymanager-3.5.6-Final.jar;C:\Users\Дарина\.m2\repository\cglib\cglib\2.2\cglib-2.2.jar;C:\Users\Дарина\.m2\repository\asm\asm\3.1\asm-3.1.jar;C:\Users\Дарина\.m2\repository\org\springframework\spring-core\3.2.2.RELEASE\spring-core-3.2.2.RELEASE.jar;C:\Users\Дарина\.m2\repository\commons-logging\commons-logging\1.1.1\commons-logging-1.1.1.jar;C:\Users\Дарина\.m2\repository\org\springframework\spring-expression\3.2.2.RELEASE\spring-expression-3.2.2.RELEASE.jar;C:\Users\Дарина\.m2\repository\org\springframework\spring-beans\3.2.2.RELEASE\spring-beans-3.2.2.RELEASE.jar;C:\Users\Дарина\.m2\repository\org\springframework\spring-aop\3.2.2.RELEASE\spring-aop-3.2.2.RELEASE.jar;C:\Users\Дарина\.m2\repository\aopalliance\aopalliance\1.0\aopalliance-1.0.jar;C:\Users\Дарина\.m2\repository\org\springframework\spring-context\3.2.2.RELEASE\spring-context-3.2.2.RELEASE.jar;C:\Users\Дарина\.m2\repository\org\springframework\spring-context-support\3.2.2.RELEASE\spring-context-support-3.2.2.RELEASE.jar;C:\Users\Дарина\.m2\repository\org\springframework\spring-orm\3.2.2.RELEASE\spring-orm-3.2.2.RELEASE.jar;C:\Users\Дарина\.m2\repository\org\springframework\spring-jdbc\3.2.2.RELEASE\spring-jdbc-3.2.2.RELEASE.jar;C:\Users\Дарина\.m2\repository\org\springframework\spring-tx\3.2.2.RELEASE\spring-tx-3.2.2.RELEASE.jar;C:\Users\Дарина\.m2\repository\commons-dbcp\commons-dbcp\1.4\commons-dbcp-1.4.jar;C:\Users\Дарина\.m2\repository\commons-pool\commons-pool\1.6\commons-pool-1.6.jar;C:\Users\Дарина\.m2\repository\org\springframework\spring-web\3.2.2.RELEASE\spring-web-3.2.2.RELEASE.jar;C:\Users\Дарина\.m2\repository\org\springframework\spring-aspects\3.2.2.RELEASE\spring-aspects-3.2.2.RELEASE.jar;C:\Users\Дарина\.m2\repository\org\aspectj\aspectjweaver\1.7.2\aspectjweaver-1.7.2.jar;C:\Users\Дарина\.m2\repository\org\springframework\data\spring-data-jpa\1.3.1.RELEASE\spring-data-jpa-1.3.1.RELEASE.jar;C:\Users\Дарина\.m2\repository\org\springframework\data\spring-data-commons\1.5.1.RELEASE\spring-data-commons-1.5.1.RELEASE.jar;C:\Users\Дарина\.m2\repository\org\slf4j\jcl-over-slf4j\1.7.1\jcl-over-slf4j-1.7.1.jar;C:\Users\Дарина\.m2\repository\org\aspectj\aspectjrt\1.7.2\aspectjrt-1.7.2.jar;C:\Users\Дарина\.m2\repository\javax\servlet\javax.servlet-api\3.0.1\javax.servlet-api-3.0.1.jar;C:\Users\Дарина\.m2\repository\javax\servlet\jstl\1.2\jstl-1.2.jar;C:\Users\Дарина\.m2\repository\org\springframework\spring-webmvc\3.2.2.RELEASE\spring-webmvc-3.2.2.RELEASE.jar;C:\Users\Дарина\.m2\repository\org\hibernate\hibernate-validator\4.2.0.Final\hibernate-validator-4.2.0.Final.jar;C:\Users\Дарина\.m2\repository\javax\validation\validation-api\1.0.0.GA\validation-api-1.0.0.GA.jar;C:\Users\Дарина\.m2\repository\org\springframework\spring-jms\3.2.2.RELEASE\spring-jms-3.2.2.RELEASE.jar;C:\Users\Дарина\.m2\repository\org\apache\activemq\activemq-all\5.4.2\activemq-all-5.4.2.jar;C:\Users\Дарина\.m2\repository\org\apache\xbean\xbean-spring\3.7\xbean-spring-3.7.jar;"/>
    <property name="java.vm.specification.version" value="1.7"/>
    <property name="sun.arch.data.model" value="32"/>
    <property name="java.home" value="C:\Program Files\Java\jdk1.7.0_40\jre"/>
    <property name="sun.java.command" value="C:\Users\F183~1\AppData\Local\Temp\surefirebooter6687989909735163522.jar C:\Users\F183~1\AppData\Local\Temp\surefire5806925918013929300tmp C:\Users\F183~1\AppData\Local\Temp\surefire2911143050782066842tmp"/>
    <property name="java.specification.vendor" value="Oracle Corporation"/>
    <property name="user.language" value="ru"/>
    <property name="user.language.format" value="uk"/>
    <property name="awt.toolkit" value="sun.awt.windows.WToolkit"/>
    <property name="java.vm.info" value="mixed mode, sharing"/>
    <property name="java.version" value="1.7.0_40"/>
    <property name="java.ext.dirs" value="C:\Program Files\Java\jdk1.7.0_40\jre\lib\ext;C:\Windows\Sun\Java\lib\ext"/>
    <property name="sun.boot.class.path" value="C:\Program Files\Java\jdk1.7.0_40\jre\lib\resources.jar;C:\Program Files\Java\jdk1.7.0_40\jre\lib\rt.jar;C:\Program Files\Java\jdk1.7.0_40\jre\lib\sunrsasign.jar;C:\Program Files\Java\jdk1.7.0_40\jre\lib\jsse.jar;C:\Program Files\Java\jdk1.7.0_40\jre\lib\jce.jar;C:\Program Files\Java\jdk1.7.0_40\jre\lib\charsets.jar;C:\Program Files\Java\jdk1.7.0_40\jre\lib\jfr.jar;C:\Program Files\Java\jdk1.7.0_40\jre\classes"/>
    <property name="java.vendor" value="Oracle Corporation"/>
    <property name="localRepository" value="C:\Users\Дарина\.m2\repository"/>
    <property name="file.separator" value="\"/>
    <property name="java.vendor.url.bug" value="http://bugreport.sun.com/bugreport/"/>
    <property name="sun.cpu.endian" value="little"/>
    <property name="sun.io.unicode.encoding" value="UnicodeLittle"/>
    <property name="sun.desktop" value="windows"/>
    <property name="sun.cpu.isalist" value=""/>
  </properties>
  <testcase time="0.015" classname="week2.Tasks.EmployeeTest" name="testEqualsNull"/>
  <testcase time="0.001" classname="week2.Tasks.EmployeeTest" name="testDifferentObject"/>
  <testcase time="0.001" classname="week2.Tasks.EmployeeTest" name="testNotRightData"/>
  <testcase time="0" classname="week2.Tasks.EmployeeTest" name="testHashCodeRight"/>
  <testcase time="0.001" classname="week2.Tasks.EmployeeTest" name="testHashCodeWrong"/>
  <testcase time="0.001" classname="week2.Tasks.EmployeeTest" name="testThemself"/>
  <testcase time="0" classname="week2.Tasks.EmployeeTest" name="testRightData"/>
  <testcase time="0.001" classname="week2.Tasks.EmployeeTest" name="testHashCodeDifferentObj"/>
</testsuite>